<?xml version="1.0" encoding="UTF-8"?>
<!-- Generated by org.testng.reporters.JUnitReportReporter -->
<testsuite hostname="HP" failures="0" tests="1" name="com.qsp.LeadsModuleTestCase.Leads03Test" time="33.513" errors="0" timestamp="2023-09-28T14:33:35 IST" skipped="0">
  <testcase classname="com.qsp.LeadsModuleTestCase.Leads03Test" name="leads03" time="33.513"/>
  <system-out>
    <![CDATA[test acse startedleads03
test case excuted sucessfullyleads03]]>
  </system-out>
</testsuite> <!-- com.qsp.LeadsModuleTestCase.Leads03Test -->
